<?xml version="1.0" encoding="UTF-8"?>
<!-- Generated by org.testng.reporters.JUnitXMLReporter -->
<testsuite ignored="4" hostname="Apples-MacBook-Pro.local" failures="0" tests="3" name="Test" time="87.839" errors="0" timestamp="2022-06-08T11:07:54 IST">
  <testcase classname="Tests.BookOneTest" name="enterFromDestDate" time="17.845"/>
  <testcase classname="Tests.BookTwoTest" name="enterSameFromDestDate" time="11.1"/>
  <testcase classname="Tests.BookThreeTest" name="enterFromDestPastDate" time="6.809"/>
  <testcase classname="Tests.BusBaseTest" name="@BeforeSuite ExtentReport" time="0.0">
    <ignored/>
  </testcase> <!-- @BeforeSuite ExtentReport -->
  <testcase classname="Tests.BusBaseTest" name="@BeforeSuite ExtentReport" time="0.0">
    <ignored/>
  </testcase> <!-- @BeforeSuite ExtentReport -->
  <testcase classname="Tests.BusBaseTest" name="@AfterSuite tearDown" time="0.0">
    <ignored/>
  </testcase> <!-- @AfterSuite tearDown -->
  <testcase classname="Tests.BusBaseTest" name="@AfterSuite tearDown" time="0.0">
    <ignored/>
  </testcase> <!-- @AfterSuite tearDown -->
</testsuite> <!-- Test -->
