<?xml version="1.0" encoding="UTF-8"?>
<testng-results ignored="4" total="7" passed="3" failed="0" skipped="0">
  <reporter-output>
  </reporter-output>
  <suite started-at="2022-06-08T11:06:21 IST" name="Suite" finished-at="2022-06-08T11:07:49 IST" duration-ms="87839">
    <groups>
    </groups>
    <test started-at="2022-06-08T11:06:21 IST" name="Test" finished-at="2022-06-08T11:07:49 IST" duration-ms="87839">
      <class name="Tests.BookTwoTest">
        <test-method is-config="true" signature="openBrowser(java.lang.String)[pri:0, instance:Tests.BookTwoTest@6ac13091]" started-at="2022-06-08T11:06:55 IST" name="openBrowser" finished-at="2022-06-08T11:07:05 IST" duration-ms="10014" status="PASS">
          <params>
            <param index="0">
              <value>
                <![CDATA[chrome]]>
              </value>
            </param>
          </params>
          <reporter-output>
          </reporter-output>
        </test-method> <!-- openBrowser -->
        <test-method is-config="true" signature="getURL(java.lang.String)[pri:0, instance:Tests.BookTwoTest@6ac13091]" started-at="2022-06-08T11:07:05 IST" name="getURL" finished-at="2022-06-08T11:07:12 IST" depends-on-methods="Tests.BookTwoTest.openBrowser" duration-ms="6458" status="PASS">
          <params>
            <param index="0">
              <value>
                <![CDATA[https://www.redbus.in/]]>
              </value>
            </param>
          </params>
          <reporter-output>
          </reporter-output>
        </test-method> <!-- getURL -->
        <test-method signature="enterSameFromDestDate(java.lang.String, java.lang.String, java.lang.String, java.lang.String)[pri:0, instance:Tests.BookTwoTest@6ac13091]" started-at="2022-06-08T11:07:30 IST" name="enterSameFromDestDate" data-provider="getFields" finished-at="2022-06-08T11:07:41 IST" duration-ms="11100" status="PASS">
          <params>
            <param index="0">
              <value>
                <![CDATA[Koyambedu, Chennai]]>
              </value>
            </param>
            <param index="1">
              <value>
                <![CDATA[Koyambedu, Chennai]]>
              </value>
            </param>
            <param index="2">
              <value>
                <![CDATA[15-Aug-2022]]>
              </value>
            </param>
            <param index="3">
              <value>
                <![CDATA[Success]]>
              </value>
            </param>
          </params>
          <reporter-output>
          </reporter-output>
        </test-method> <!-- enterSameFromDestDate -->
        <test-method is-config="true" signature="close()[pri:0, instance:Tests.BookTwoTest@6ac13091]" started-at="2022-06-08T11:07:41 IST" name="close" finished-at="2022-06-08T11:07:41 IST" duration-ms="246" status="PASS">
          <reporter-output>
          </reporter-output>
        </test-method> <!-- close -->
        <test-method is-config="true" signature="getResult(org.testng.ITestResult)[pri:0, instance:Tests.BookTwoTest@6ac13091]" started-at="2022-06-08T11:07:41 IST" name="getResult" finished-at="2022-06-08T11:07:41 IST" duration-ms="1" status="PASS">
          <params>
            <param index="0">
              <value>
                <![CDATA[[TestResult name=enterSameFromDestDate status=SUCCESS method=BookTwoTest.enterSameFromDestDate(java.lang.String, java.lang.String, java.lang.String, java.lang.String)[pri:0, instance:Tests.BookTwoTest@6ac13091] output={null}]]]>
              </value>
            </param>
          </params>
          <reporter-output>
          </reporter-output>
        </test-method> <!-- getResult -->
      </class> <!-- Tests.BookTwoTest -->
      <class name="Tests.BookThreeTest">
        <test-method is-config="true" signature="openBrowser(java.lang.String)[pri:0, instance:Tests.BookThreeTest@5e316c74]" started-at="2022-06-08T11:06:36 IST" name="openBrowser" finished-at="2022-06-08T11:06:43 IST" duration-ms="7602" status="PASS">
          <params>
            <param index="0">
              <value>
                <![CDATA[chrome]]>
              </value>
            </param>
          </params>
          <reporter-output>
          </reporter-output>
        </test-method> <!-- openBrowser -->
        <test-method is-config="true" signature="getURL(java.lang.String)[pri:0, instance:Tests.BookThreeTest@5e316c74]" started-at="2022-06-08T11:06:43 IST" name="getURL" finished-at="2022-06-08T11:06:55 IST" depends-on-methods="Tests.BookThreeTest.openBrowser" duration-ms="11863" status="PASS">
          <params>
            <param index="0">
              <value>
                <![CDATA[https://www.redbus.in/]]>
              </value>
            </param>
          </params>
          <reporter-output>
          </reporter-output>
        </test-method> <!-- getURL -->
        <test-method signature="enterFromDestPastDate(java.lang.String, java.lang.String, java.lang.String, java.lang.String)[pri:0, instance:Tests.BookThreeTest@5e316c74]" started-at="2022-06-08T11:07:42 IST" name="enterFromDestPastDate" data-provider="getFields" finished-at="2022-06-08T11:07:48 IST" duration-ms="6809" status="PASS">
          <params>
            <param index="0">
              <value>
                <![CDATA[Koyambedu, Chennai]]>
              </value>
            </param>
            <param index="1">
              <value>
                <![CDATA[Madiwala, Bangalore]]>
              </value>
            </param>
            <param index="2">
              <value>
                <![CDATA[02-Feb-2022]]>
              </value>
            </param>
            <param index="3">
              <value>
                <![CDATA[Success]]>
              </value>
            </param>
          </params>
          <reporter-output>
          </reporter-output>
        </test-method> <!-- enterFromDestPastDate -->
        <test-method is-config="true" signature="close()[pri:0, instance:Tests.BookThreeTest@5e316c74]" started-at="2022-06-08T11:07:48 IST" name="close" finished-at="2022-06-08T11:07:49 IST" duration-ms="218" status="PASS">
          <reporter-output>
          </reporter-output>
        </test-method> <!-- close -->
        <test-method is-config="true" signature="getResult(org.testng.ITestResult)[pri:0, instance:Tests.BookThreeTest@5e316c74]" started-at="2022-06-08T11:07:49 IST" name="getResult" finished-at="2022-06-08T11:07:49 IST" duration-ms="1" status="PASS">
          <params>
            <param index="0">
              <value>
                <![CDATA[[TestResult name=enterFromDestPastDate status=SUCCESS method=BookThreeTest.enterFromDestPastDate(java.lang.String, java.lang.String, java.lang.String, java.lang.String)[pri:0, instance:Tests.BookThreeTest@5e316c74] output={null}]]]>
              </value>
            </param>
          </params>
          <reporter-output>
          </reporter-output>
        </test-method> <!-- getResult -->
      </class> <!-- Tests.BookThreeTest -->
      <class name="Tests.BookOneTest">
        <test-method is-config="true" signature="ExtentReport()[pri:0, instance:Tests.BookOneTest@48fa0f47]" started-at="2022-06-08T11:06:20 IST" name="ExtentReport" finished-at="2022-06-08T11:06:21 IST" duration-ms="328" status="PASS">
          <reporter-output>
          </reporter-output>
        </test-method> <!-- ExtentReport -->
        <test-method is-config="true" signature="openBrowser(java.lang.String)[pri:0, instance:Tests.BookOneTest@48fa0f47]" started-at="2022-06-08T11:06:21 IST" name="openBrowser" finished-at="2022-06-08T11:06:31 IST" duration-ms="9980" status="PASS">
          <params>
            <param index="0">
              <value>
                <![CDATA[chrome]]>
              </value>
            </param>
          </params>
          <reporter-output>
          </reporter-output>
        </test-method> <!-- openBrowser -->
        <test-method is-config="true" signature="getURL(java.lang.String)[pri:0, instance:Tests.BookOneTest@48fa0f47]" started-at="2022-06-08T11:06:31 IST" name="getURL" finished-at="2022-06-08T11:06:36 IST" depends-on-methods="Tests.BookOneTest.openBrowser" duration-ms="5148" status="PASS">
          <params>
            <param index="0">
              <value>
                <![CDATA[https://www.redbus.in/]]>
              </value>
            </param>
          </params>
          <reporter-output>
          </reporter-output>
        </test-method> <!-- getURL -->
        <test-method signature="enterFromDestDate(java.lang.String, java.lang.String, java.lang.String, java.lang.String)[pri:0, instance:Tests.BookOneTest@48fa0f47]" started-at="2022-06-08T11:07:12 IST" name="enterFromDestDate" data-provider="getFields" finished-at="2022-06-08T11:07:30 IST" duration-ms="17845" status="PASS">
          <params>
            <param index="0">
              <value>
                <![CDATA[Koyambedu, Chennai]]>
              </value>
            </param>
            <param index="1">
              <value>
                <![CDATA[Madiwala, Bangalore]]>
              </value>
            </param>
            <param index="2">
              <value>
                <![CDATA[15-Aug-2022]]>
              </value>
            </param>
            <param index="3">
              <value>
                <![CDATA[Success]]>
              </value>
            </param>
          </params>
          <reporter-output>
          </reporter-output>
        </test-method> <!-- enterFromDestDate -->
        <test-method is-config="true" signature="close()[pri:0, instance:Tests.BookOneTest@48fa0f47]" started-at="2022-06-08T11:07:30 IST" name="close" finished-at="2022-06-08T11:07:30 IST" duration-ms="458" status="PASS">
          <reporter-output>
          </reporter-output>
        </test-method> <!-- close -->
        <test-method is-config="true" signature="getResult(org.testng.ITestResult)[pri:0, instance:Tests.BookOneTest@48fa0f47]" started-at="2022-06-08T11:07:30 IST" name="getResult" finished-at="2022-06-08T11:07:30 IST" duration-ms="42" status="PASS">
          <params>
            <param index="0">
              <value>
                <![CDATA[[TestResult name=enterFromDestDate status=SUCCESS method=BookOneTest.enterFromDestDate(java.lang.String, java.lang.String, java.lang.String, java.lang.String)[pri:0, instance:Tests.BookOneTest@48fa0f47] output={null}]]]>
              </value>
            </param>
          </params>
          <reporter-output>
          </reporter-output>
        </test-method> <!-- getResult -->
        <test-method is-config="true" signature="tearDown()[pri:0, instance:Tests.BookOneTest@48fa0f47]" started-at="2022-06-08T11:07:54 IST" name="tearDown" finished-at="2022-06-08T11:07:54 IST" duration-ms="727" status="PASS">
          <reporter-output>
          </reporter-output>
        </test-method> <!-- tearDown -->
      </class> <!-- Tests.BookOneTest -->
    </test> <!-- Test -->
  </suite> <!-- Suite -->
</testng-results>
